<?xml version="1.0" encoding="UTF-8"?>
<!-- Generated by org.testng.reporters.JUnitXMLReporter -->
<testsuite hostname="quikr-HP-240-G3-Notebook-PC" ignored="0" name="Test" tests="10" failures="3" timestamp="07 Dec 2017 07:25:16 GMT" time="0.069" errors="0">
  <testcase name="verifyTestCaseEight" time="0.013" classname="com.test.TestPractice"/>
  <testcase name="verifyTestCaseFive" time="0.001" classname="com.test.TestPractice"/>
  <testcase name="verifyTestCaseFour" time="0.003" classname="com.test.TestPractice">
    <failure type="java.lang.AssertionError" message="Test Case Four Failed expected [true] but found [false]">
      <![CDATA[java.lang.AssertionError: Test Case Four Failed expected [true] but found [false]
	at com.test.TestPractice.verifyTestCaseFour(TestPractice.java:25)
... Removed 28 stack frames]]>
    </failure>
  </testcase> <!-- verifyTestCaseFour -->
  <testcase name="verifyTestCaseNine" time="0.002" classname="com.test.TestPractice"/>
  <testcase name="verifyTestCaseOne" time="0.002" classname="com.test.TestPractice"/>
  <testcase name="verifyTestCaseSeven" time="0.002" classname="com.test.TestPractice"/>
  <testcase name="verifyTestCaseSix" time="0.002" classname="com.test.TestPractice"/>
  <testcase name="verifyTestCaseTen" time="0.001" classname="com.test.TestPractice">
    <failure type="java.lang.AssertionError" message="Test Case Ten Failed expected [true] but found [false]">
      <![CDATA[java.lang.AssertionError: Test Case Ten Failed expected [true] but found [false]
	at com.test.TestPractice.verifyTestCaseTen(TestPractice.java:55)
... Removed 28 stack frames]]>
    </failure>
  </testcase> <!-- verifyTestCaseTen -->
  <testcase name="verifyTestCaseThree" time="0.002" classname="com.test.TestPractice">
    <failure type="java.lang.AssertionError" message="Test Case Three Failed expected [true] but found [false]">
      <![CDATA[java.lang.AssertionError: Test Case Three Failed expected [true] but found [false]
	at com.test.TestPractice.verifyTestCaseThree(TestPractice.java:20)
... Removed 28 stack frames]]>
    </failure>
  </testcase> <!-- verifyTestCaseThree -->
  <testcase name="verifyTestCaseTwo" time="0.001" classname="com.test.TestPractice"/>
</testsuite> <!-- Test -->
